<?xml version="1.0" encoding="UTF-8"?>
<testng-results skipped="0" failed="0" ignored="0" total="1" passed="1">
  <reporter-output>
  </reporter-output>
  <suite name="Default suite" duration-ms="41051" started-at="2019-02-06T15:11:29Z" finished-at="2019-02-06T15:12:10Z">
    <groups>
    </groups>
    <test name="Default test" duration-ms="41051" started-at="2019-02-06T15:11:29Z" finished-at="2019-02-06T15:12:10Z">
      <class name="com.training.functional.simple.tests.Createcourse">
        <test-method status="PASS" signature="setUpBeforeClass()[pri:0, instance:com.training.functional.simple.tests.Createcourse@3bfdc050]" name="setUpBeforeClass" is-config="true" duration-ms="15" started-at="2019-02-06T15:11:29Z" finished-at="2019-02-06T15:11:29Z">
          <reporter-output>
          </reporter-output>
        </test-method> <!-- setUpBeforeClass -->
        <test-method status="PASS" signature="setUp()[pri:0, instance:com.training.functional.simple.tests.Createcourse@3bfdc050]" name="setUp" is-config="true" duration-ms="12106" started-at="2019-02-06T15:11:29Z" finished-at="2019-02-06T15:11:41Z">
          <reporter-output>
          </reporter-output>
        </test-method> <!-- setUp -->
        <test-method status="PASS" signature="newcoursecreation()[pri:0, instance:com.training.functional.simple.tests.Createcourse@3bfdc050]" name="newcoursecreation" duration-ms="26124" started-at="2019-02-06T15:11:41Z" finished-at="2019-02-06T15:12:07Z">
          <reporter-output>
          </reporter-output>
        </test-method> <!-- newcoursecreation -->
        <test-method status="PASS" signature="tearDown()[pri:0, instance:com.training.functional.simple.tests.Createcourse@3bfdc050]" name="tearDown" is-config="true" duration-ms="2771" started-at="2019-02-06T15:12:07Z" finished-at="2019-02-06T15:12:10Z">
          <reporter-output>
          </reporter-output>
        </test-method> <!-- tearDown -->
      </class> <!-- com.training.functional.simple.tests.Createcourse -->
    </test> <!-- Default test -->
  </suite> <!-- Default suite -->
</testng-results>
